<?xml version="1.0" encoding="UTF-8"?>
<testng-results ignored="0" total="1" passed="1" failed="0" skipped="0">
  <reporter-output>
  </reporter-output>
  <suite started-at="2026-04-23T16:51:25 IST" name="Default suite" finished-at="2026-04-23T16:52:22 IST" duration-ms="56800">
    <groups>
    </groups>
    <test started-at="2026-04-23T16:51:25 IST" name="Default test" finished-at="2026-04-23T16:52:22 IST" duration-ms="56800">
      <class name="tests.eyeExaminationSearch.HComplaintOcularTest">
        <test-method is-config="true" signature="setUp()[pri:0, instance:tests.eyeExaminationSearch.HComplaintOcularTest@5b12b668]" started-at="2026-04-23T16:51:25 IST" name="setUp" finished-at="2026-04-23T16:51:30 IST" duration-ms="5174" status="PASS">
          <reporter-output>
          </reporter-output>
        </test-method> <!-- setUp -->
        <test-method is-config="true" signature="setupPage()[pri:0, instance:tests.eyeExaminationSearch.HComplaintOcularTest@5b12b668]" started-at="2026-04-23T16:51:30 IST" name="setupPage" finished-at="2026-04-23T16:51:38 IST" duration-ms="8048" status="PASS">
          <reporter-output>
          </reporter-output>
        </test-method> <!-- setupPage -->
        <test-method signature="testComplaintAndOcularHistory()[pri:0, instance:tests.eyeExaminationSearch.HComplaintOcularTest@5b12b668]" started-at="2026-04-23T16:51:38 IST" name="testComplaintAndOcularHistory" finished-at="2026-04-23T16:52:22 IST" duration-ms="43313" status="PASS">
          <reporter-output>
          </reporter-output>
        </test-method> <!-- testComplaintAndOcularHistory -->
        <test-method is-config="true" signature="tearDown()[pri:0, instance:tests.eyeExaminationSearch.HComplaintOcularTest@5b12b668]" started-at="2026-04-23T16:52:22 IST" name="tearDown" finished-at="2026-04-23T16:52:22 IST" duration-ms="217" status="PASS">
          <reporter-output>
          </reporter-output>
        </test-method> <!-- tearDown -->
      </class> <!-- tests.eyeExaminationSearch.HComplaintOcularTest -->
    </test> <!-- Default test -->
  </suite> <!-- Default suite -->
</testng-results>
