<?xml version="1.0" encoding="UTF-8"?>
<!-- Generated by org.testng.reporters.JUnitReportReporter -->
<testsuite hostname="V3M-Dev-1" failures="0" tests="1" name="tests.billing.HBillingReceiptTest" time="13.983" errors="0" timestamp="2026-04-24T13:00:21 IST" skipped="1">
  <testcase classname="tests.billing.HBillingReceiptTest" name="approvePendingDiscountUsingDateFilter" time="13.983">
    <skipped/>
  </testcase> <!-- approvePendingDiscountUsingDateFilter -->
</testsuite> <!-- tests.billing.HBillingReceiptTest -->
